src/backend/core/response_generator.py:12: error: Returning Any from function declared to return "str"  [no-any-return]
src/backend/agents/state.py:42: error: Function is missing a return type annotation  [no-untyped-def]
src/backend/agents/state.py:45: error: Function is missing a return type annotation  [no-untyped-def]
src/backend/agents/state.py:53: error: Function is missing a return type annotation  [no-untyped-def]
src/backend/agents/state.py:58: error: Function is missing a return type annotation  [no-untyped-def]
src/backend/agents/state.py:58: note: Use "-> None" if function does not return a value
src/backend/agents/plugin_manager.py:10: error: Function is missing a return type annotation  [no-untyped-def]
src/backend/agents/plugin_manager.py:10: note: Use "-> None" if function does not return a value
src/backend/agents/plugin_manager.py:11: note: By default the bodies of untyped functions are not checked, consider using --check-untyped-defs  [annotation-unchecked]
src/backend/agents/categorization_agent.py:10: error: Function is missing a type annotation for one or more arguments  [no-untyped-def]
src/backend/infrastructure/llm_api/llm_client.py:19: error: Returning Any from function declared to return "str"  [no-any-return]
src/backend/infrastructure/llm_api/llm_client.py:41: error: Returning Any from function declared to return "str | None"  [no-any-return]
src/backend/core/model_selector.py:78: error: Function is missing a return type annotation  [no-untyped-def]
src/backend/core/model_selector.py:78: note: Use "-> None" if function does not return a value
src/backend/core/memory.py:12: error: Function is missing a return type annotation  [no-untyped-def]
src/backend/core/memory.py:12: note: Use "-> None" if function does not return a value
src/backend/core/memory.py:13: note: By default the bodies of untyped functions are not checked, consider using --check-untyped-defs  [annotation-unchecked]
src/backend/core/language_detector.py:35: error: Function is missing a return type annotation  [no-untyped-def]
src/backend/core/language_detector.py:35: note: Use "-> None" if function does not return a value
src/backend/agents/receipt_analysis_agent.py:27: error: Function is missing a type annotation for one or more arguments  [no-untyped-def]
src/backend/agents/meal_planner_agent.py:16: error: Function is missing a type annotation for one or more arguments  [no-untyped-def]
src/backend/agents/meal_planner_agent.py:55: error: Function is missing a return type annotation  [no-untyped-def]
src/backend/agents/fallback_manager.py:76: error: Function is missing a return type annotation  [no-untyped-def]
src/backend/agents/fallback_manager.py:76: note: Use "-> None" if function does not return a value
src/backend/agents/fallback_manager.py:77: note: By default the bodies of untyped functions are not checked, consider using --check-untyped-defs  [annotation-unchecked]
src/backend/agents/agent_builder.py:49: error: Function is missing a type annotation for one or more arguments  [no-untyped-def]
src/backend/agents/agent_builder.py:78: error: Function is missing a type annotation for one or more arguments  [no-untyped-def]
src/backend/agents/tools/date_parser.py:56: error: Returning Any from function declared to return "dict[Any, Any] | None"  [no-any-return]
src/backend/agents/mixins/circuit_breaker.py:33: error: Function is missing a return type annotation  [no-untyped-def]
src/backend/agents/mixins/circuit_breaker.py:35: error: Function is missing a type annotation  [no-untyped-def]
src/backend/agents/mixins/circuit_breaker.py:61: error: Function is missing a return type annotation  [no-untyped-def]
src/backend/agents/mixins/circuit_breaker.py:61: note: Use "-> None" if function does not return a value
src/backend/agents/mixins/circuit_breaker.py:75: error: Function is missing a return type annotation  [no-untyped-def]
src/backend/agents/mixins/circuit_breaker.py:75: note: Use "-> None" if function does not return a value
src/backend/agents/mixins/circuit_breaker.py:87: error: Function is missing a return type annotation  [no-untyped-def]
src/backend/agents/mixins/circuit_breaker.py:94: error: Function is missing a return type annotation  [no-untyped-def]
src/backend/logger.py:12: error: Function is missing a type annotation  [no-untyped-def]
src/backend/logger.py:37: error: Function is missing a type annotation  [no-untyped-def]
src/backend/logger.py:73: error: Function is missing a type annotation  [no-untyped-def]
src/backend/orchestrator_management/request_queue.py:75: error: Function is missing a return type annotation  [no-untyped-def]
src/backend/orchestrator_management/orchestrator_pool.py:33: error: Function is missing a return type annotation  [no-untyped-def]
src/backend/orchestrator_management/orchestrator_pool.py:91: error: Function is missing a return type annotation  [no-untyped-def]
src/backend/orchestrator_management/orchestrator_pool.py:91: note: Use "-> None" if function does not return a value
src/backend/orchestrator_management/orchestrator_pool.py:98: error: Function is missing a return type annotation  [no-untyped-def]
src/backend/orchestrator_management/orchestrator_pool.py:134: error: Function is missing a return type annotation  [no-untyped-def]
src/backend/orchestrator_management/orchestrator_pool.py:141: error: Function is missing a return type annotation  [no-untyped-def]
src/backend/orchestrator_management/orchestrator_pool.py:162: error: Function is missing a return type annotation  [no-untyped-def]
src/backend/orchestrator_management/orchestrator_pool.py:162: note: Use "-> None" if function does not return a value
src/backend/orchestrator_management/orchestrator_pool.py:168: error: Function is missing a return type annotation  [no-untyped-def]
src/backend/orchestrator_management/orchestrator_pool.py:168: note: Use "-> None" if function does not return a value
src/backend/core/exceptions.py:37: error: Function is missing a return type annotation  [no-untyped-def]
src/backend/core/exceptions.py:37: note: Use "-> None" if function does not return a value
src/backend/core/exceptions.py:69: error: Function is missing a type annotation for one or more arguments  [no-untyped-def]
src/backend/core/exceptions.py:94: error: Function is missing a type annotation for one or more arguments  [no-untyped-def]
src/backend/core/exceptions.py:119: error: Function is missing a type annotation for one or more arguments  [no-untyped-def]
src/backend/core/exceptions.py:144: error: Function is missing a type annotation for one or more arguments  [no-untyped-def]
src/backend/core/exceptions.py:169: error: Function is missing a type annotation for one or more arguments  [no-untyped-def]
src/backend/core/exceptions.py:194: error: Function is missing a type annotation for one or more arguments  [no-untyped-def]
src/backend/core/exceptions.py:219: error: Function is missing a type annotation for one or more arguments  [no-untyped-def]
src/backend/core/exceptions.py:236: error: Function is missing a type annotation for one or more arguments  [no-untyped-def]
src/backend/core/exceptions.py:253: error: Function is missing a type annotation for one or more arguments  [no-untyped-def]
src/backend/core/exceptions.py:278: error: Function is missing a type annotation for one or more arguments  [no-untyped-def]
src/backend/core/exceptions.py:295: error: Function is missing a type annotation for one or more arguments  [no-untyped-def]
src/backend/core/exceptions.py:310: error: Function is missing a return type annotation  [no-untyped-def]
src/backend/core/exceptions.py:329: error: Function is missing a type annotation  [no-untyped-def]
src/backend/core/exceptions.py:331: error: Function is missing a type annotation  [no-untyped-def]
src/backend/core/exceptions.py:367: error: Function is missing a type annotation  [no-untyped-def]
src/backend/core/exceptions.py:445: error: Returning Any from function declared to return "BaseCustomException"  [no-any-return]
src/backend/core/exceptions.py:450: error: Function is missing a return type annotation  [no-untyped-def]
src/backend/core/decorators.py:38: error: Returning Any from function declared to return "T"  [no-any-return]
src/backend/core/decorators.py:38: note: Error code "no-any-return" not covered by "type: ignore" comment
src/backend/core/async_patterns.py:48: error: Function is missing a type annotation for one or more arguments  [no-untyped-def]
src/backend/core/async_patterns.py:75: error: Function is missing a return type annotation  [no-untyped-def]
src/backend/core/async_patterns.py:75: note: Use "-> None" if function does not return a value
src/backend/core/async_patterns.py:83: error: Function is missing a return type annotation  [no-untyped-def]
src/backend/core/async_patterns.py:83: note: Use "-> None" if function does not return a value
src/backend/core/async_patterns.py:105: error: Function is missing a return type annotation  [no-untyped-def]
src/backend/core/async_patterns.py:115: error: Function is missing a return type annotation  [no-untyped-def]
src/backend/core/async_patterns.py:115: error: Function is missing a type annotation for one or more arguments  [no-untyped-def]
src/backend/core/async_patterns.py:123: error: Function is missing a return type annotation  [no-untyped-def]
src/backend/core/async_patterns.py:123: note: Use "-> None" if function does not return a value
src/backend/core/async_patterns.py:158: error: Function is missing a type annotation  [no-untyped-def]
src/backend/core/async_patterns.py:169: error: Function is missing a type annotation  [no-untyped-def]
src/backend/core/async_patterns.py:208: error: Function is missing a type annotation  [no-untyped-def]
src/backend/core/async_patterns.py:224: error: Function is missing a return type annotation  [no-untyped-def]
src/backend/core/async_patterns.py:239: error: Function is missing a return type annotation  [no-untyped-def]
src/backend/core/async_patterns.py:243: error: Function is missing a type annotation  [no-untyped-def]
src/backend/core/async_patterns.py:244: error: Function is missing a type annotation  [no-untyped-def]
src/backend/core/async_patterns.py:247: error: Function is missing a type annotation  [no-untyped-def]
src/backend/core/async_patterns.py:256: error: Function is missing a return type annotation  [no-untyped-def]
src/backend/core/async_patterns.py:259: error: Function is missing a type annotation  [no-untyped-def]
src/backend/core/async_patterns.py:260: error: Function is missing a type annotation  [no-untyped-def]
src/backend/core/async_patterns.py:269: error: Function is missing a type annotation for one or more arguments  [no-untyped-def]
src/backend/core/async_patterns.py:302: error: Returning Any from function declared to return "T"  [no-any-return]
src/backend/agents/memory_manager.py:76: error: Function is missing a type annotation  [no-untyped-def]
src/backend/agents/memory_manager.py:242: error: Function is missing a return type annotation  [no-untyped-def]
src/backend/agents/memory_manager.py:253: error: Function is missing a return type annotation  [no-untyped-def]
src/backend/agents/memory_manager.py:257: error: Function is missing a type annotation  [no-untyped-def]
src/backend/agents/mixins/rate_limiter.py:29: error: Function is missing a return type annotation  [no-untyped-def]
src/backend/agents/mixins/rate_limiter.py:29: note: Use "-> None" if function does not return a value
src/backend/agents/mixins/rate_limiter.py:40: error: Function is missing a return type annotation  [no-untyped-def]
src/backend/agents/mixins/rate_limiter.py:40: note: Use "-> None" if function does not return a value
src/backend/agents/mixins/rate_limiter.py:41: note: By default the bodies of untyped functions are not checked, consider using --check-untyped-defs  [annotation-unchecked]
src/backend/agents/mixins/rate_limiter.py:42: note: By default the bodies of untyped functions are not checked, consider using --check-untyped-defs  [annotation-unchecked]
src/backend/agents/mixins/rate_limiter.py:45: error: Function is missing a return type annotation  [no-untyped-def]
src/backend/agents/mixins/rate_limiter.py:52: error: Function is missing a return type annotation  [no-untyped-def]
src/backend/agents/mixins/rate_limiter.py:86: error: Function is missing a return type annotation  [no-untyped-def]
src/backend/agents/mixins/rate_limiter.py:90: error: Function is missing a type annotation for one or more arguments  [no-untyped-def]
src/backend/infrastructure/database/repositories_impl.py:24: error: Returning Any from function declared to return "dict[Any, Any]"  [no-any-return]
src/backend/infrastructure/database/repositories_impl.py:42: error: Returning Any from function declared to return "dict[Any, Any]"  [no-any-return]
src/backend/infrastructure/database/database.py:71: error: Function is missing a return type annotation  [no-untyped-def]
src/backend/infrastructure/database/database.py:71: note: Use "-> None" if function does not return a value
src/backend/infrastructure/database/database.py:82: error: Function is missing a return type annotation  [no-untyped-def]
src/backend/infrastructure/database/database.py:90: error: Function is missing a return type annotation  [no-untyped-def]
src/backend/infrastructure/database/database.py:90: note: Use "-> None" if function does not return a value
src/backend/infrastructure/database/database.py:94: error: Function is missing a type annotation  [no-untyped-def]
src/backend/core/seed_data.py:24: error: Returning Any from function declared to return "dict[str, list[dict[str, Any]]]"  [no-any-return]
src/backend/core/prometheus_metrics.py:193: error: Function is missing a return type annotation  [no-untyped-def]
src/backend/core/prometheus_metrics.py:193: note: Use "-> None" if function does not return a value
src/backend/core/prometheus_metrics.py:196: error: Function is missing a return type annotation  [no-untyped-def]
src/backend/core/prometheus_metrics.py:196: note: Use "-> None" if function does not return a value
src/backend/core/prometheus_metrics.py:219: error: Function is missing a type annotation  [no-untyped-def]
src/backend/core/prometheus_metrics.py:223: error: Function is missing a type annotation  [no-untyped-def]
src/backend/core/prometheus_metrics.py:248: error: Function is missing a return type annotation  [no-untyped-def]
src/backend/core/prometheus_metrics.py:259: error: Function is missing a return type annotation  [no-untyped-def]
src/backend/core/prometheus_metrics.py:265: error: Function is missing a return type annotation  [no-untyped-def]
src/backend/core/prometheus_metrics.py:280: error: Function is missing a return type annotation  [no-untyped-def]
src/backend/core/prometheus_metrics.py:290: error: Function is missing a return type annotation  [no-untyped-def]
src/backend/core/prometheus_metrics.py:297: error: Function is missing a return type annotation  [no-untyped-def]
src/backend/core/prometheus_metrics.py:305: error: Function is missing a return type annotation  [no-untyped-def]
src/backend/core/profile_manager.py:21: error: Function is missing a type annotation  [no-untyped-def]
src/backend/core/profile_manager.py:23: note: By default the bodies of untyped functions are not checked, consider using --check-untyped-defs  [annotation-unchecked]
src/backend/core/profile_manager.py:229: error: Returning Any from function declared to return "list[str]"  [no-any-return]
src/backend/core/monitoring.py:59: error: Function is missing a type annotation  [no-untyped-def]
src/backend/core/monitoring.py:64: error: Function is missing a type annotation  [no-untyped-def]
src/backend/core/monitoring.py:110: error: Function is missing a return type annotation  [no-untyped-def]
src/backend/core/monitoring.py:145: error: Function is missing a return type annotation  [no-untyped-def]
src/backend/core/monitoring.py:145: note: Use "-> None" if function does not return a value
src/backend/core/monitoring.py:165: error: Function is missing a return type annotation  [no-untyped-def]
src/backend/core/monitoring.py:173: error: Function is missing a return type annotation  [no-untyped-def]
src/backend/core/monitoring.py:187: error: Function is missing a return type annotation  [no-untyped-def]
src/backend/core/monitoring.py:203: error: Function is missing a return type annotation  [no-untyped-def]
src/backend/core/monitoring.py:203: note: Use "-> None" if function does not return a value
src/backend/core/monitoring.py:204: note: By default the bodies of untyped functions are not checked, consider using --check-untyped-defs  [annotation-unchecked]
src/backend/core/monitoring.py:215: error: Function is missing a return type annotation  [no-untyped-def]
src/backend/core/monitoring.py:215: note: Use "-> None" if function does not return a value
src/backend/core/monitoring.py:223: error: Function is missing a return type annotation  [no-untyped-def]
src/backend/core/monitoring.py:223: note: Use "-> None" if function does not return a value
src/backend/core/monitoring.py:239: error: Function is missing a return type annotation  [no-untyped-def]
src/backend/core/migrations.py:6: error: Function is missing a return type annotation  [no-untyped-def]
src/backend/core/migrations.py:6: note: Use "-> None" if function does not return a value
src/backend/core/database.py:20: error: Function is missing a return type annotation  [no-untyped-def]
src/backend/core/crud.py:620: error: Function is missing a return type annotation  [no-untyped-def]
src/backend/core/crud.py:620: error: Function is missing a type annotation for one or more arguments  [no-untyped-def]
src/backend/core/crud.py:625: error: Function is missing a return type annotation  [no-untyped-def]
src/backend/core/crud.py:625: error: Function is missing a type annotation for one or more arguments  [no-untyped-def]
src/backend/core/crud.py:635: error: Function is missing a return type annotation  [no-untyped-def]
src/backend/core/crud.py:635: error: Function is missing a type annotation for one or more arguments  [no-untyped-def]
src/backend/core/alerting.py:66: error: Function is missing a return type annotation  [no-untyped-def]
src/backend/core/alerting.py:66: note: Use "-> None" if function does not return a value
src/backend/core/alerting.py:67: note: By default the bodies of untyped functions are not checked, consider using --check-untyped-defs  [annotation-unchecked]
src/backend/core/alerting.py:68: note: By default the bodies of untyped functions are not checked, consider using --check-untyped-defs  [annotation-unchecked]
src/backend/core/alerting.py:69: note: By default the bodies of untyped functions are not checked, consider using --check-untyped-defs  [annotation-unchecked]
src/backend/core/alerting.py:70: note: By default the bodies of untyped functions are not checked, consider using --check-untyped-defs  [annotation-unchecked]
src/backend/core/alerting.py:71: note: By default the bodies of untyped functions are not checked, consider using --check-untyped-defs  [annotation-unchecked]
src/backend/core/alerting.py:77: error: Function is missing a return type annotation  [no-untyped-def]
src/backend/core/alerting.py:77: note: Use "-> None" if function does not return a value
src/backend/core/alerting.py:130: error: Function is missing a return type annotation  [no-untyped-def]
src/backend/core/alerting.py:135: error: Function is missing a return type annotation  [no-untyped-def]
src/backend/core/alerting.py:141: error: Function is missing a return type annotation  [no-untyped-def]
src/backend/core/alerting.py:145: error: Function is missing a return type annotation  [no-untyped-def]
src/backend/core/alerting.py:227: error: Function is missing a return type annotation  [no-untyped-def]
src/backend/core/alerting.py:260: error: Function is missing a return type annotation  [no-untyped-def]
src/backend/core/alerting.py:268: error: Function is missing a return type annotation  [no-untyped-def]
src/backend/core/alerting.py:314: error: Function is missing a return type annotation  [no-untyped-def]
src/backend/core/alerting.py:324: error: Function is missing a return type annotation  [no-untyped-def]
src/backend/core/alerting.py:340: error: Function is missing a return type annotation  [no-untyped-def]
src/backend/core/alerting.py:340: note: Use "-> None" if function does not return a value
src/backend/core/alerting.py:352: error: Function is missing a return type annotation  [no-untyped-def]
src/backend/core/alerting.py:352: note: Use "-> None" if function does not return a value
src/backend/core/alerting.py:372: error: Function is missing a return type annotation  [no-untyped-def]
src/backend/core/alerting.py:372: note: Use "-> None" if function does not return a value
src/backend/agents/agent_container.py:11: error: Function is missing a return type annotation  [no-untyped-def]
src/backend/agents/agent_container.py:11: note: Use "-> None" if function does not return a value
src/backend/agents/agent_container.py:12: note: By default the bodies of untyped functions are not checked, consider using --check-untyped-defs  [annotation-unchecked]
src/backend/core/vector_store.py:40: error: Function is missing a return type annotation  [no-untyped-def]
src/backend/core/vector_store.py:40: note: Use "-> None" if function does not return a value
src/backend/core/vector_store.py:170: error: Function is missing a type annotation  [no-untyped-def]
src/backend/core/vector_store.py:191: error: Function is missing a return type annotation  [no-untyped-def]
src/backend/core/vector_store.py:406: error: Function is missing a return type annotation  [no-untyped-def]
src/backend/core/vector_store.py:415: error: Function is missing a return type annotation  [no-untyped-def]
src/backend/core/vector_store.py:419: error: Function is missing a type annotation  [no-untyped-def]
src/backend/core/vector_store.py:552: error: Function is missing a return type annotation  [no-untyped-def]
src/backend/core/vector_store.py:552: note: Use "-> None" if function does not return a value
src/backend/core/backup_manager.py:66: error: Function is missing a return type annotation  [no-untyped-def]
src/backend/core/backup_manager.py:66: note: Use "-> None" if function does not return a value
src/backend/core/backup_manager.py:371: error: Function is missing a return type annotation  [no-untyped-def]
src/backend/core/backup_manager.py:371: note: Use "-> None" if function does not return a value
src/backend/core/backup_manager.py:411: error: Function is missing a return type annotation  [no-untyped-def]
src/backend/tests/test_weather_agent.py:10: error: Function is missing a return type annotation  [no-untyped-def]
src/backend/tests/test_weather_agent.py:10: note: Use "-> None" if function does not return a value
src/backend/tests/test_weather_agent.py:43: error: Function is missing a return type annotation  [no-untyped-def]
src/backend/tests/test_weather_agent.py:43: note: Use "-> None" if function does not return a value
src/backend/tests/test_weather_agent.py:54: error: Function is missing a return type annotation  [no-untyped-def]
src/backend/tests/test_weather_agent.py:54: note: Use "-> None" if function does not return a value
src/backend/tests/test_weather_agent.py:72: error: Function is missing a return type annotation  [no-untyped-def]
src/backend/tests/test_weather_agent.py:72: note: Use "-> None" if function does not return a value
src/backend/tests/test_weather_agent.py:87: error: Function is missing a return type annotation  [no-untyped-def]
src/backend/tests/test_weather_agent.py:87: note: Use "-> None" if function does not return a value
src/backend/tests/test_search_agent.py:10: error: Function is missing a return type annotation  [no-untyped-def]
src/backend/tests/test_search_agent.py:10: note: Use "-> None" if function does not return a value
src/backend/tests/test_search_agent.py:36: error: Function is missing a return type annotation  [no-untyped-def]
src/backend/tests/test_search_agent.py:36: note: Use "-> None" if function does not return a value
src/backend/tests/test_search_agent.py:55: error: Function is missing a return type annotation  [no-untyped-def]
src/backend/tests/test_search_agent.py:55: note: Use "-> None" if function does not return a value
src/backend/tests/test_search_agent.py:72: error: Function is missing a return type annotation  [no-untyped-def]
src/backend/tests/test_search_agent.py:72: note: Use "-> None" if function does not return a value
src/backend/tests/test_optimized_conversation_agent.py:17: error: Function is missing a return type annotation  [no-untyped-def]
src/backend/tests/test_optimized_conversation_agent.py:25: error: Function is missing a return type annotation  [no-untyped-def]
src/backend/tests/test_optimized_conversation_agent.py:31: error: Function is missing a return type annotation  [no-untyped-def]
src/backend/tests/test_optimized_conversation_agent.py:68: error: Function is missing a return type annotation  [no-untyped-def]
src/backend/tests/test_optimized_conversation_agent.py:68: note: Use "-> None" if function does not return a value
src/backend/tests/test_optimized_conversation_agent.py:111: error: Function is missing a return type annotation  [no-untyped-def]
src/backend/tests/test_optimized_conversation_agent.py:111: note: Use "-> None" if function does not return a value
src/backend/tests/test_ocr_agent.py:10: error: Function is missing a return type annotation  [no-untyped-def]
src/backend/tests/test_ocr_agent.py:10: note: Use "-> None" if function does not return a value
src/backend/tests/test_ocr_agent.py:24: error: Function is missing a return type annotation  [no-untyped-def]
src/backend/tests/test_ocr_agent.py:24: note: Use "-> None" if function does not return a value
src/backend/tests/test_ocr_agent.py:38: error: Function is missing a return type annotation  [no-untyped-def]
src/backend/tests/test_ocr_agent.py:38: note: Use "-> None" if function does not return a value
src/backend/tests/test_ocr_agent.py:48: error: Function is missing a return type annotation  [no-untyped-def]
src/backend/tests/test_ocr_agent.py:48: note: Use "-> None" if function does not return a value
src/backend/tests/test_ocr_agent.py:58: error: Function is missing a return type annotation  [no-untyped-def]
src/backend/tests/test_ocr_agent.py:58: note: Use "-> None" if function does not return a value
src/backend/tests/test_ocr_agent.py:71: error: Function is missing a return type annotation  [no-untyped-def]
src/backend/tests/test_ocr_agent.py:71: note: Use "-> None" if function does not return a value
src/backend/tests/test_meal_planner_agent.py:9: error: Function is missing a return type annotation  [no-untyped-def]
src/backend/tests/test_meal_planner_agent.py:9: note: Use "-> None" if function does not return a value
src/backend/tests/test_meal_planner_agent.py:32: error: Function is missing a return type annotation  [no-untyped-def]
src/backend/tests/test_meal_planner_agent.py:32: note: Use "-> None" if function does not return a value
src/backend/tests/test_intent_detector_new.py:24: error: Function is missing a return type annotation  [no-untyped-def]
src/backend/tests/test_intent_detector_new.py:29: error: Function is missing a return type annotation  [no-untyped-def]
src/backend/tests/test_intent_detector_new.py:34: error: Function is missing a type annotation  [no-untyped-def]
src/backend/tests/test_intent_detector_new.py:56: error: Function is missing a type annotation  [no-untyped-def]
src/backend/tests/test_intent_detector_new.py:80: error: Function is missing a type annotation  [no-untyped-def]
src/backend/tests/test_intent_detector_new.py:104: error: Function is missing a type annotation  [no-untyped-def]
src/backend/tests/test_intent_detector_new.py:128: error: Function is missing a type annotation  [no-untyped-def]
src/backend/tests/test_intent_detector_new.py:152: error: Function is missing a type annotation  [no-untyped-def]
src/backend/tests/test_intent_detector_new.py:176: error: Function is missing a type annotation  [no-untyped-def]
src/backend/tests/test_intent_detector_new.py:200: error: Function is missing a type annotation  [no-untyped-def]
src/backend/tests/test_intent_detector_new.py:224: error: Function is missing a type annotation  [no-untyped-def]
src/backend/tests/test_intent_detector_new.py:248: error: Function is missing a type annotation  [no-untyped-def]
src/backend/tests/test_intent_detector_new.py:268: error: Function is missing a type annotation  [no-untyped-def]
src/backend/tests/test_integration_new_features.py:28: error: Function is missing a return type annotation  [no-untyped-def]
src/backend/tests/test_integration_new_features.py:32: error: Function is missing a type annotation  [no-untyped-def]
src/backend/tests/test_integration_new_features.py:35: error: Function is missing a type annotation  [no-untyped-def]
src/backend/tests/test_integration_new_features.py:38: error: Function is missing a type annotation  [no-untyped-def]
src/backend/tests/test_integration_new_features.py:41: error: Function is missing a type annotation  [no-untyped-def]
src/backend/tests/test_integration_new_features.py:44: error: Function is missing a type annotation  [no-untyped-def]
src/backend/tests/test_integration_new_features.py:59: error: Function is missing a return type annotation  [no-untyped-def]
src/backend/tests/test_integration_new_features.py:64: error: Function is missing a return type annotation  [no-untyped-def]
src/backend/tests/test_integration_new_features.py:69: error: Function is missing a return type annotation  [no-untyped-def]
src/backend/tests/test_integration_new_features.py:74: error: Function is missing a return type annotation  [no-untyped-def]
src/backend/tests/test_integration_new_features.py:79: error: Function is missing a type annotation  [no-untyped-def]
src/backend/tests/test_integration_new_features.py:117: error: Function is missing a type annotation  [no-untyped-def]
src/backend/tests/test_integration_new_features.py:155: error: Function is missing a type annotation  [no-untyped-def]
src/backend/tests/test_integration_new_features.py:183: error: Function is missing a type annotation  [no-untyped-def]
src/backend/tests/test_integration_new_features.py:193: error: Function is missing a type annotation  [no-untyped-def]
src/backend/tests/test_integration_new_features.py:225: error: Function is missing a type annotation  [no-untyped-def]
src/backend/tests/test_integration_new_features.py:245: error: Function is missing a type annotation  [no-untyped-def]
src/backend/tests/test_integration_new_features.py:261: error: Function is missing a type annotation  [no-untyped-def]
src/backend/tests/test_integration_new_features.py:277: error: Function is missing a type annotation  [no-untyped-def]
src/backend/tests/test_integration_new_features.py:292: error: Function is missing a type annotation  [no-untyped-def]
src/backend/tests/test_integration_new_features.py:298: error: Function is missing a type annotation  [no-untyped-def]
src/backend/tests/test_integration_agents.py:11: error: Function is missing a return type annotation  [no-untyped-def]
src/backend/tests/test_integration_agents.py:11: note: Use "-> None" if function does not return a value
src/backend/tests/test_integration_agents.py:44: error: Function is missing a return type annotation  [no-untyped-def]
src/backend/tests/test_integration_agents.py:44: note: Use "-> None" if function does not return a value
src/backend/tests/test_integration_agents.py:70: error: Function is missing a return type annotation  [no-untyped-def]
src/backend/tests/test_integration_agents.py:70: note: Use "-> None" if function does not return a value
src/backend/tests/test_integration_agents.py:106: error: Function is missing a return type annotation  [no-untyped-def]
src/backend/tests/test_integration_agents.py:106: note: Use "-> None" if function does not return a value
src/backend/tests/test_integration_agents.py:147: error: Function is missing a return type annotation  [no-untyped-def]
src/backend/tests/test_integration_agents.py:147: note: Use "-> None" if function does not return a value
src/backend/tests/test_hybrid_llm_client_new.py:20: error: Function is missing a return type annotation  [no-untyped-def]
src/backend/tests/test_hybrid_llm_client_new.py:25: error: Function is missing a return type annotation  [no-untyped-def]
src/backend/tests/test_hybrid_llm_client_new.py:30: error: Function is missing a type annotation  [no-untyped-def]
src/backend/tests/test_hybrid_llm_client_new.py:42: error: Function is missing a type annotation  [no-untyped-def]
src/backend/tests/test_hybrid_llm_client_new.py:54: error: Function is missing a type annotation  [no-untyped-def]
src/backend/tests/test_hybrid_llm_client_new.py:66: error: Function is missing a type annotation  [no-untyped-def]
src/backend/tests/test_hybrid_llm_client_new.py:82: error: Function is missing a type annotation  [no-untyped-def]
src/backend/tests/test_hybrid_llm_client_new.py:94: error: Function is missing a type annotation  [no-untyped-def]
src/backend/tests/test_hybrid_llm_client_new.py:106: error: Function is missing a type annotation  [no-untyped-def]
src/backend/tests/test_hybrid_llm_client_new.py:120: error: Function is missing a type annotation  [no-untyped-def]
src/backend/tests/test_hybrid_llm_client_new.py:136: error: Function is missing a type annotation  [no-untyped-def]
src/backend/tests/test_hybrid_llm_client_new.py:149: error: Function is missing a type annotation  [no-untyped-def]
src/backend/tests/test_hybrid_llm_client_new.py:166: error: Function is missing a type annotation  [no-untyped-def]
src/backend/tests/test_hybrid_llm_client_new.py:179: error: Function is missing a type annotation  [no-untyped-def]
src/backend/tests/test_hybrid_llm_client_new.py:193: error: Function is missing a type annotation  [no-untyped-def]
src/backend/tests/test_hybrid_llm_client_new.py:207: error: Function is missing a type annotation  [no-untyped-def]
src/backend/tests/test_hybrid_llm_client_new.py:221: error: Function is missing a type annotation  [no-untyped-def]
src/backend/tests/test_hybrid_llm_client_new.py:242: error: Function is missing a type annotation  [no-untyped-def]
src/backend/tests/test_hybrid_llm_client_new.py:248: error: Function is missing a type annotation  [no-untyped-def]
src/backend/tests/test_general_conversation_agent.py:20: error: Function is missing a return type annotation  [no-untyped-def]
src/backend/tests/test_general_conversation_agent.py:25: error: Function is missing a return type annotation  [no-untyped-def]
src/backend/tests/test_general_conversation_agent.py:35: error: Function is missing a type annotation  [no-untyped-def]
src/backend/tests/test_general_conversation_agent.py:59: error: Function is missing a type annotation  [no-untyped-def]
src/backend/tests/test_general_conversation_agent.py:70: error: Function is missing a type annotation  [no-untyped-def]
src/backend/tests/test_general_conversation_agent.py:84: error: Function is missing a type annotation  [no-untyped-def]
src/backend/tests/test_general_conversation_agent.py:98: error: Function is missing a type annotation  [no-untyped-def]
src/backend/tests/test_general_conversation_agent.py:124: error: Function is missing a type annotation  [no-untyped-def]
src/backend/tests/test_general_conversation_agent.py:141: error: Function is missing a type annotation  [no-untyped-def]
src/backend/tests/test_general_conversation_agent.py:166: error: Function is missing a type annotation  [no-untyped-def]
src/backend/tests/test_general_conversation_agent.py:195: error: Function is missing a type annotation  [no-untyped-def]
src/backend/tests/test_general_conversation_agent.py:219: error: Function is missing a type annotation  [no-untyped-def]
src/backend/tests/test_general_conversation_agent.py:243: error: Function is missing a type annotation  [no-untyped-def]
src/backend/tests/test_general_conversation_agent.py:262: error: Function is missing a type annotation  [no-untyped-def]
src/backend/tests/test_enhanced_rag_agent.py:13: error: Function is missing a return type annotation  [no-untyped-def]
src/backend/tests/test_enhanced_rag_agent.py:17: error: Function is missing a return type annotation  [no-untyped-def]
src/backend/tests/test_enhanced_rag_agent.py:30: error: Function is missing a return type annotation  [no-untyped-def]
src/backend/tests/test_enhanced_rag_agent.py:38: error: Function is missing a type annotation  [no-untyped-def]
src/backend/tests/test_enhanced_rag_agent.py:43: error: Function is missing a type annotation  [no-untyped-def]
src/backend/tests/test_enhanced_rag_agent.py:57: error: Function is missing a type annotation  [no-untyped-def]
src/backend/tests/test_enhanced_rag_agent.py:71: error: Function is missing a type annotation  [no-untyped-def]
src/backend/tests/test_enhanced_rag_agent.py:104: error: Function is missing a type annotation  [no-untyped-def]
src/backend/tests/test_enhanced_rag_agent.py:124: error: Function is missing a type annotation  [no-untyped-def]
src/backend/tests/test_chef_agent.py:10: error: Function is missing a return type annotation  [no-untyped-def]
src/backend/tests/test_chef_agent.py:10: note: Use "-> None" if function does not return a value
src/backend/tests/test_chef_agent.py:37: error: Function is missing a return type annotation  [no-untyped-def]
src/backend/tests/test_chef_agent.py:37: note: Use "-> None" if function does not return a value
src/backend/tests/test_chef_agent.py:46: error: Function is missing a return type annotation  [no-untyped-def]
src/backend/tests/test_chef_agent.py:46: note: Use "-> None" if function does not return a value
src/backend/tests/test_chef_agent.py:59: error: Function is missing a return type annotation  [no-untyped-def]
src/backend/tests/test_chef_agent.py:59: note: Use "-> None" if function does not return a value
src/backend/tests/test_chef_agent.py:84: error: Function is missing a return type annotation  [no-untyped-def]
src/backend/tests/test_chef_agent.py:84: note: Use "-> None" if function does not return a value
src/backend/tests/test_agent_prompts.py:29: error: Function is missing a type annotation  [no-untyped-def]
src/backend/tests/test_agent_factory_new.py:29: error: Function is missing a return type annotation  [no-untyped-def]
src/backend/tests/test_agent_factory_new.py:33: error: Function is missing a type annotation  [no-untyped-def]
src/backend/tests/test_agent_factory_new.py:43: error: Function is missing a type annotation  [no-untyped-def]
src/backend/tests/test_agent_factory_new.py:49: error: Function is missing a type annotation  [no-untyped-def]
src/backend/tests/test_agent_factory_new.py:55: error: Function is missing a type annotation  [no-untyped-def]
src/backend/tests/test_agent_factory_new.py:61: error: Function is missing a type annotation  [no-untyped-def]
src/backend/tests/test_agent_factory_new.py:67: error: Function is missing a type annotation  [no-untyped-def]
src/backend/tests/test_agent_factory_new.py:73: error: Function is missing a type annotation  [no-untyped-def]
src/backend/tests/test_agent_factory_new.py:79: error: Function is missing a type annotation  [no-untyped-def]
src/backend/tests/test_agent_factory_new.py:85: error: Function is missing a type annotation  [no-untyped-def]
src/backend/tests/test_agent_factory_new.py:91: error: Function is missing a type annotation  [no-untyped-def]
src/backend/tests/test_agent_factory_new.py:97: error: Function is missing a type annotation  [no-untyped-def]
src/backend/tests/test_agent_factory_new.py:103: error: Function is missing a type annotation  [no-untyped-def]
src/backend/tests/test_agent_factory_new.py:109: error: Function is missing a type annotation  [no-untyped-def]
src/backend/tests/test_agent_factory_new.py:114: error: Function is missing a type annotation  [no-untyped-def]
src/backend/tests/test_agent_factory_new.py:124: error: Function is missing a type annotation  [no-untyped-def]
src/backend/tests/test_agent_factory_new.py:131: error: Function is missing a type annotation  [no-untyped-def]
src/backend/tests/test_agent_factory_new.py:139: error: Function is missing a type annotation  [no-untyped-def]
src/backend/tests/test_agent_factory_new.py:146: error: Function is missing a type annotation  [no-untyped-def]
src/backend/tests/test_agent_factory_new.py:157: error: Function is missing a type annotation  [no-untyped-def]
src/backend/tests/test_agent_factory_new.py:170: error: Function is missing a type annotation  [no-untyped-def]
src/backend/tests/test_agent_factory_new.py:179: error: Function is missing a type annotation  [no-untyped-def]
src/backend/tests/unit/test_telemetry.py:24: error: Function is missing a return type annotation  [no-untyped-def]
src/backend/tests/unit/test_telemetry.py:24: note: Use "-> None" if function does not return a value
src/backend/tests/unit/test_telemetry.py:34: error: Function is missing a return type annotation  [no-untyped-def]
src/backend/tests/unit/test_telemetry.py:34: note: Use "-> None" if function does not return a value
src/backend/tests/unit/test_telemetry.py:46: error: Function is missing a return type annotation  [no-untyped-def]
src/backend/tests/unit/test_telemetry.py:46: note: Use "-> None" if function does not return a value
src/backend/tests/unit/test_telemetry.py:58: error: Function is missing a return type annotation  [no-untyped-def]
src/backend/tests/unit/test_telemetry.py:67: error: Function is missing a return type annotation  [no-untyped-def]
src/backend/tests/unit/test_telemetry.py:74: error: Function is missing a return type annotation  [no-untyped-def]
src/backend/tests/unit/test_telemetry.py:83: error: Function is missing a return type annotation  [no-untyped-def]
src/backend/tests/unit/test_telemetry.py:90: error: Function is missing a return type annotation  [no-untyped-def]
src/backend/tests/unit/test_telemetry.py:90: note: Use "-> None" if function does not return a value
src/backend/tests/unit/test_telemetry.py:103: error: Function is missing a return type annotation  [no-untyped-def]
src/backend/tests/unit/test_telemetry.py:103: note: Use "-> None" if function does not return a value
src/backend/tests/unit/test_rate_limiter.py:15: error: Function is missing a return type annotation  [no-untyped-def]
src/backend/tests/unit/test_rate_limiter.py:15: note: Use "-> None" if function does not return a value
src/backend/tests/unit/test_rate_limiter.py:21: error: Function is missing a return type annotation  [no-untyped-def]
src/backend/tests/unit/test_rate_limiter.py:21: note: Use "-> None" if function does not return a value
src/backend/tests/unit/test_rate_limiter.py:31: error: Function is missing a return type annotation  [no-untyped-def]
src/backend/tests/unit/test_rate_limiter.py:31: note: Use "-> None" if function does not return a value
src/backend/tests/unit/test_rate_limiter.py:40: error: Function is missing a return type annotation  [no-untyped-def]
src/backend/tests/unit/test_rate_limiter.py:44: error: Function is missing a type annotation  [no-untyped-def]
src/backend/tests/unit/test_rate_limiter.py:51: error: Function is missing a type annotation  [no-untyped-def]
src/backend/tests/unit/test_rate_limiter.py:58: error: Function is missing a type annotation  [no-untyped-def]
src/backend/tests/unit/test_rate_limiter.py:73: error: Function is missing a return type annotation  [no-untyped-def]
src/backend/tests/unit/test_rate_limiter.py:75: error: Function is missing a return type annotation  [no-untyped-def]
src/backend/tests/unit/test_rate_limiter.py:75: note: Use "-> None" if function does not return a value
src/backend/tests/unit/test_rate_limiter.py:79: error: Function is missing a type annotation  [no-untyped-def]
src/backend/tests/unit/test_prometheus_metrics.py:28: error: Function is missing a return type annotation  [no-untyped-def]
src/backend/tests/unit/test_prometheus_metrics.py:28: note: Use "-> None" if function does not return a value
src/backend/tests/unit/test_prometheus_metrics.py:38: error: Function is missing a return type annotation  [no-untyped-def]
src/backend/tests/unit/test_prometheus_metrics.py:38: note: Use "-> None" if function does not return a value
src/backend/tests/unit/test_prometheus_metrics.py:47: error: Function is missing a return type annotation  [no-untyped-def]
src/backend/tests/unit/test_prometheus_metrics.py:47: note: Use "-> None" if function does not return a value
src/backend/tests/unit/test_prometheus_metrics.py:57: error: Function is missing a return type annotation  [no-untyped-def]
src/backend/tests/unit/test_prometheus_metrics.py:57: note: Use "-> None" if function does not return a value
src/backend/tests/unit/test_prometheus_metrics.py:67: error: Function is missing a return type annotation  [no-untyped-def]
src/backend/tests/unit/test_prometheus_metrics.py:67: note: Use "-> None" if function does not return a value
src/backend/tests/unit/test_prometheus_metrics.py:76: error: Function is missing a return type annotation  [no-untyped-def]
src/backend/tests/unit/test_prometheus_metrics.py:76: note: Use "-> None" if function does not return a value
src/backend/tests/unit/test_prometheus_metrics.py:86: error: Function is missing a return type annotation  [no-untyped-def]
src/backend/tests/unit/test_prometheus_metrics.py:86: note: Use "-> None" if function does not return a value
src/backend/tests/unit/test_prometheus_metrics.py:95: error: Function is missing a return type annotation  [no-untyped-def]
src/backend/tests/unit/test_prometheus_metrics.py:95: note: Use "-> None" if function does not return a value
src/backend/tests/unit/test_prometheus_metrics.py:101: error: Function is missing a return type annotation  [no-untyped-def]
src/backend/tests/unit/test_prometheus_metrics.py:101: note: Use "-> None" if function does not return a value
src/backend/tests/unit/test_prometheus_metrics.py:106: error: Function is missing a return type annotation  [no-untyped-def]
src/backend/tests/unit/test_prometheus_metrics.py:106: note: Use "-> None" if function does not return a value
src/backend/tests/unit/test_prometheus_metrics.py:126: error: Function is missing a return type annotation  [no-untyped-def]
src/backend/tests/unit/test_prometheus_metrics.py:126: note: Use "-> None" if function does not return a value
src/backend/tests/unit/test_prometheus_metrics.py:135: error: Function is missing a return type annotation  [no-untyped-def]
src/backend/tests/unit/test_prometheus_metrics.py:135: note: Use "-> None" if function does not return a value
src/backend/tests/unit/test_plugin_manager.py:10: error: Function is missing a type annotation  [no-untyped-def]
src/backend/tests/unit/test_plugin_manager.py:13: error: Function is missing a type annotation  [no-untyped-def]
src/backend/tests/unit/test_plugin_manager.py:17: error: Function is missing a type annotation  [no-untyped-def]
src/backend/tests/unit/test_plugin_manager.py:21: error: Function is missing a return type annotation  [no-untyped-def]
src/backend/tests/unit/test_plugin_manager.py:26: error: Function is missing a return type annotation  [no-untyped-def]
src/backend/tests/unit/test_plugin_manager.py:31: error: Function is missing a return type annotation  [no-untyped-def]
src/backend/tests/unit/test_plugin_manager.py:35: error: Function is missing a type annotation  [no-untyped-def]
src/backend/tests/unit/test_plugin_manager.py:40: error: Function is missing a type annotation  [no-untyped-def]
src/backend/tests/unit/test_plugin_manager.py:46: error: Function is missing a type annotation  [no-untyped-def]
src/backend/tests/unit/test_plugin_manager.py:52: error: Function is missing a type annotation  [no-untyped-def]
src/backend/tests/unit/test_plugin_manager.py:59: error: Function is missing a type annotation  [no-untyped-def]
src/backend/tests/unit/test_plugin_manager.py:65: error: Function is missing a type annotation  [no-untyped-def]
src/backend/tests/unit/test_plugin_manager.py:71: error: Function is missing a type annotation  [no-untyped-def]
src/backend/tests/unit/test_fallback_manager.py:16: error: Function is missing a return type annotation  [no-untyped-def]
src/backend/tests/unit/test_fallback_manager.py:20: error: Function is missing a return type annotation  [no-untyped-def]
src/backend/tests/unit/test_fallback_manager.py:24: error: Function is missing a type annotation  [no-untyped-def]
src/backend/tests/unit/test_fallback_manager.py:37: error: Function is missing a type annotation  [no-untyped-def]
src/backend/tests/unit/test_fallback_manager.py:48: error: Function is missing a type annotation  [no-untyped-def]
src/backend/tests/unit/test_fallback_manager.py:58: error: Function is missing a return type annotation  [no-untyped-def]
src/backend/tests/unit/test_fallback_manager.py:62: error: Function is missing a type annotation  [no-untyped-def]
src/backend/tests/unit/test_fallback_manager.py:74: error: Function is missing a type annotation  [no-untyped-def]
src/backend/tests/unit/test_error_handler.py:22: error: Function is missing a return type annotation  [no-untyped-def]
src/backend/tests/unit/test_error_handler.py:26: error: Function is missing a type annotation  [no-untyped-def]
src/backend/tests/unit/test_error_handler.py:42: error: Function is missing a type annotation  [no-untyped-def]
src/backend/tests/unit/test_error_handler.py:58: error: Function is missing a type annotation  [no-untyped-def]
src/backend/tests/unit/test_error_handler.py:68: error: Function is missing a type annotation  [no-untyped-def]
src/backend/tests/unit/test_error_handler.py:74: error: Function is missing a type annotation  [no-untyped-def]
src/backend/tests/unit/test_error_handler.py:80: error: Function is missing a type annotation  [no-untyped-def]
src/backend/tests/unit/test_error_handler.py:104: error: Function is missing a type annotation  [no-untyped-def]
src/backend/tests/unit/test_circuit_breaker.py:16: error: Function is missing a return type annotation  [no-untyped-def]
src/backend/tests/unit/test_circuit_breaker.py:22: error: Function is missing a type annotation  [no-untyped-def]
src/backend/tests/unit/test_circuit_breaker.py:30: error: Function is missing a type annotation  [no-untyped-def]
src/backend/tests/unit/test_circuit_breaker.py:45: error: Function is missing a type annotation  [no-untyped-def]
src/backend/tests/unit/test_circuit_breaker.py:57: error: Function is missing a type annotation  [no-untyped-def]
src/backend/tests/unit/test_circuit_breaker.py:69: error: Function is missing a type annotation  [no-untyped-def]
src/backend/tests/unit/test_circuit_breaker.py:78: error: Function is missing a type annotation  [no-untyped-def]
src/backend/tests/unit/test_circuit_breaker.py:90: error: Function is missing a return type annotation  [no-untyped-def]
src/backend/tests/unit/test_circuit_breaker.py:92: error: Function is missing a return type annotation  [no-untyped-def]
src/backend/tests/unit/test_circuit_breaker.py:99: error: Function is missing a return type annotation  [no-untyped-def]
src/backend/tests/unit/test_circuit_breaker.py:99: note: Use "-> None" if function does not return a value
src/backend/tests/unit/test_circuit_breaker.py:101: error: Function is missing a return type annotation  [no-untyped-def]
src/backend/tests/unit/test_circuit_breaker.py:101: note: Use "-> None" if function does not return a value
src/backend/tests/unit/test_alerting.py:26: error: Function is missing a return type annotation  [no-untyped-def]
src/backend/tests/unit/test_alerting.py:31: error: Function is missing a return type annotation  [no-untyped-def]
src/backend/tests/unit/test_alerting.py:43: error: Function is missing a type annotation  [no-untyped-def]
src/backend/tests/unit/test_alerting.py:50: error: Function is missing a type annotation  [no-untyped-def]
src/backend/tests/unit/test_alerting.py:60: error: Function is missing a type annotation  [no-untyped-def]
src/backend/tests/unit/test_alerting.py:67: error: Function is missing a type annotation  [no-untyped-def]
src/backend/tests/unit/test_alerting.py:77: error: Function is missing a type annotation  [no-untyped-def]
src/backend/tests/unit/test_alerting.py:92: error: Function is missing a type annotation  [no-untyped-def]
src/backend/tests/unit/test_alerting.py:104: error: Function is missing a type annotation  [no-untyped-def]
src/backend/tests/unit/test_alerting.py:117: error: Function is missing a type annotation  [no-untyped-def]
src/backend/tests/unit/test_alerting.py:130: error: Function is missing a type annotation  [no-untyped-def]
src/backend/tests/unit/test_alerting.py:145: error: Function is missing a type annotation  [no-untyped-def]
src/backend/tests/unit/test_alerting.py:161: error: Function is missing a type annotation  [no-untyped-def]
src/backend/tests/unit/test_alerting.py:174: error: Function is missing a type annotation  [no-untyped-def]
src/backend/tests/unit/test_alerting.py:188: error: Function is missing a type annotation  [no-untyped-def]
src/backend/tests/unit/test_alerting.py:205: error: Function is missing a type annotation  [no-untyped-def]
src/backend/tests/unit/test_alerting.py:219: error: Function is missing a return type annotation  [no-untyped-def]
src/backend/tests/unit/test_alerting.py:219: note: Use "-> None" if function does not return a value
src/backend/tests/unit/test_alerting.py:233: error: Function is missing a type annotation  [no-untyped-def]
src/backend/tests/unit/test_alert_service.py:12: error: Function is missing a return type annotation  [no-untyped-def]
src/backend/tests/unit/test_alert_service.py:15: error: Function is missing a type annotation  [no-untyped-def]
src/backend/tests/unit/test_alert_service.py:18: error: Function is missing a type annotation  [no-untyped-def]
src/backend/tests/unit/test_alert_service.py:21: error: Function is missing a type annotation  [no-untyped-def]
src/backend/tests/unit/test_alert_service.py:30: error: Function is missing a type annotation  [no-untyped-def]
src/backend/tests/unit/test_alert_service.py:38: error: Function is missing a type annotation  [no-untyped-def]
src/backend/tests/performance/test_memory_profiling.py:27: error: Function is missing a return type annotation  [no-untyped-def]
src/backend/tests/performance/test_memory_profiling.py:27: note: Use "-> None" if function does not return a value
src/backend/tests/performance/test_memory_profiling.py:34: error: Function is missing a return type annotation  [no-untyped-def]
src/backend/tests/performance/test_memory_profiling.py:34: note: Use "-> None" if function does not return a value
src/backend/tests/performance/test_memory_profiling.py:45: error: Function is missing a return type annotation  [no-untyped-def]
src/backend/tests/performance/test_memory_profiling.py:45: note: Use "-> None" if function does not return a value
src/backend/tests/performance/test_memory_profiling.py:60: error: Function is missing a return type annotation  [no-untyped-def]
src/backend/tests/performance/test_memory_profiling.py:60: note: Use "-> None" if function does not return a value
src/backend/tests/performance/test_memory_profiling.py:82: error: Function is missing a return type annotation  [no-untyped-def]
src/backend/tests/performance/test_memory_profiling.py:82: note: Use "-> None" if function does not return a value
src/backend/tests/performance/test_memory_profiling.py:101: error: Function is missing a return type annotation  [no-untyped-def]
src/backend/tests/performance/test_memory_profiling.py:101: note: Use "-> None" if function does not return a value
src/backend/tests/performance/test_memory_profiling.py:110: error: Function is missing a return type annotation  [no-untyped-def]
src/backend/tests/performance/test_memory_profiling.py:110: note: Use "-> None" if function does not return a value
src/backend/tests/performance/test_memory_profiling.py:122: error: Function is missing a return type annotation  [no-untyped-def]
src/backend/tests/performance/test_memory_profiling.py:122: note: Use "-> None" if function does not return a value
src/backend/tests/performance/test_memory_profiling.py:133: error: Function is missing a return type annotation  [no-untyped-def]
src/backend/tests/performance/test_memory_profiling.py:133: note: Use "-> None" if function does not return a value
src/backend/tests/performance/test_memory_profiling.py:147: error: Function is missing a return type annotation  [no-untyped-def]
src/backend/tests/performance/test_memory_profiling.py:147: note: Use "-> None" if function does not return a value
src/backend/tests/performance/test_memory_profiling.py:155: error: Function is missing a return type annotation  [no-untyped-def]
src/backend/tests/performance/test_memory_profiling.py:155: note: Use "-> None" if function does not return a value
src/backend/tests/performance/test_memory_profiling.py:169: error: Function is missing a type annotation  [no-untyped-def]
src/backend/tests/performance/test_memory_profiling.py:173: error: Function is missing a return type annotation  [no-untyped-def]
src/backend/tests/performance/test_memory_profiling.py:179: error: Function is missing a type annotation  [no-untyped-def]
src/backend/tests/performance/test_memory_profiling.py:183: error: Function is missing a return type annotation  [no-untyped-def]
src/backend/tests/performance/test_memory_profiling.py:190: error: Function is missing a type annotation  [no-untyped-def]
src/backend/tests/performance/test_memory_profiling.py:194: error: Function is missing a return type annotation  [no-untyped-def]
src/backend/tests/performance/test_memory_profiling.py:205: error: Function is missing a return type annotation  [no-untyped-def]
src/backend/tests/performance/test_memory_profiling.py:205: note: Use "-> None" if function does not return a value
src/backend/tests/performance/test_memory_profiling.py:225: error: Function is missing a return type annotation  [no-untyped-def]
src/backend/tests/performance/test_memory_profiling.py:225: note: Use "-> None" if function does not return a value
src/backend/tests/performance/test_memory_profiling.py:253: error: Function is missing a return type annotation  [no-untyped-def]
src/backend/tests/performance/test_memory_profiling.py:253: note: Use "-> None" if function does not return a value
src/backend/tests/performance/test_memory_profiling.py:265: error: Function is missing a return type annotation  [no-untyped-def]
src/backend/tests/performance/test_memory_profiling.py:265: note: Use "-> None" if function does not return a value
src/backend/tests/performance/test_db_performance.py:13: error: Function is missing a return type annotation  [no-untyped-def]
src/backend/tests/performance/test_db_performance.py:18: error: Function is missing a return type annotation  [no-untyped-def]
src/backend/tests/performance/test_db_performance.py:29: error: Function is missing a type annotation  [no-untyped-def]
src/backend/tests/performance/test_db_performance.py:62: error: Function is missing a return type annotation  [no-untyped-def]
src/backend/tests/performance/test_db_performance.py:62: note: Use "-> None" if function does not return a value
src/backend/tests/performance/test_db_performance.py:99: error: Function is missing a return type annotation  [no-untyped-def]
src/backend/tests/performance/test_db_performance.py:99: note: Use "-> None" if function does not return a value
src/backend/tests/performance/test_db_performance.py:102: error: Function is missing a return type annotation  [no-untyped-def]
src/backend/tests/performance/test_db_performance.py:102: note: Use "-> None" if function does not return a value
src/backend/tests/performance/test_db_performance.py:131: error: Function is missing a return type annotation  [no-untyped-def]
src/backend/auth/jwt_handler.py:23: error: Function is missing a return type annotation  [no-untyped-def]
src/backend/auth/jwt_handler.py:23: note: Use "-> None" if function does not return a value
src/backend/auth/jwt_handler.py:99: error: Returning Any from function declared to return "dict[str, Any] | None"  [no-any-return]
src/backend/auth/jwt_handler.py:119: error: Returning Any from function declared to return "dict[str, Any] | None"  [no-any-return]
src/backend/auth/jwt_handler.py:135: error: Returning Any from function declared to return "bool"  [no-any-return]
src/backend/auth/jwt_handler.py:147: error: Returning Any from function declared to return "str"  [no-any-return]
src/backend/agents/circuit_breaker_wrapper.py:68: error: Function is missing a return type annotation  [no-untyped-def]
src/backend/agents/circuit_breaker_monitor.py:7: error: Function is missing a return type annotation  [no-untyped-def]
src/backend/agents/circuit_breaker_monitor.py:7: note: Use "-> None" if function does not return a value
src/backend/agents/circuit_breaker_monitor.py:8: note: By default the bodies of untyped functions are not checked, consider using --check-untyped-defs  [annotation-unchecked]
src/backend/agents/circuit_breaker_monitor.py:10: error: Function is missing a return type annotation  [no-untyped-def]
src/backend/core/perplexity_client.py:18: error: Function is missing a return type annotation  [no-untyped-def]
src/backend/core/perplexity_client.py:18: note: Use "-> None" if function does not return a value
src/backend/core/perplexity_client.py:228: error: Returning Any from function declared to return "list[str]"  [no-any-return]
src/backend/core/perplexity_client.py:251: error: Function is missing a return type annotation  [no-untyped-def]
src/backend/core/perplexity_client.py:251: note: Use "-> None" if function does not return a value
src/backend/core/llm_client.py:94: error: Function is missing a return type annotation  [no-untyped-def]
src/backend/core/llm_client.py:94: note: Use "-> None" if function does not return a value
src/backend/core/llm_client.py:131: error: Returning Any from function declared to return "dict[str, Any] | AsyncGenerator[dict[str, Any], None]"  [no-any-return]
src/backend/core/llm_client.py:256: error: Returning Any from function declared to return "list[float]"  [no-any-return]
src/backend/core/llm_client.py:269: error: Returning Any from function declared to return "list[float]"  [no-any-return]
src/backend/core/llm_client.py:281: error: Returning Any from function declared to return "list[dict[str, Any]]"  [no-any-return]
src/backend/agents/search_agent.py:60: error: Function is missing a return type annotation  [no-untyped-def]
src/backend/agents/search_agent.py:118: error: Returning Any from function declared to return "dict[str, Any]"  [no-any-return]
src/backend/agents/search_agent.py:210: error: Returning Any from function declared to return "str"  [no-any-return]
src/backend/agents/search_agent.py:256: error: Returning Any from function declared to return "str"  [no-any-return]
src/backend/agents/intent_detector.py:14: error: Function is missing a return type annotation  [no-untyped-def]
src/backend/agents/intent_detector.py:14: note: Use "-> None" if function does not return a value
src/backend/core/telemetry.py:79: error: Function is missing a type annotation for one or more arguments  [no-untyped-def]
src/backend/core/telemetry.py:111: error: Function is missing a type annotation for one or more arguments  [no-untyped-def]
src/backend/core/telemetry.py:131: error: Function is missing a type annotation  [no-untyped-def]
src/backend/core/telemetry.py:135: error: Function is missing a type annotation  [no-untyped-def]
src/backend/core/telemetry.py:142: error: Function is missing a return type annotation  [no-untyped-def]
src/backend/core/telemetry.py:145: error: Function is missing a type annotation  [no-untyped-def]
src/backend/core/telemetry.py:146: error: Function is missing a type annotation  [no-untyped-def]
src/backend/core/telemetry.py:157: error: Function is missing a return type annotation  [no-untyped-def]
src/backend/core/telemetry.py:160: error: Function is missing a type annotation  [no-untyped-def]
src/backend/core/telemetry.py:161: error: Function is missing a type annotation  [no-untyped-def]
src/backend/models/user_profile.py:60: error: Function is missing a type annotation  [no-untyped-def]
src/backend/models/user_profile.py:65: error: Function is missing a type annotation  [no-untyped-def]
src/backend/integrations/web_search.py:258: error: Returning Any from function declared to return "dict[str, Any] | None"  [no-any-return]
src/backend/core/ocr.py:142: error: Returning Any from function declared to return "str"  [no-any-return]
src/backend/core/ocr.py:157: error: Returning Any from function declared to return "str | None"  [no-any-return]
src/backend/core/interfaces.py:150: error: Function is missing a return type annotation  [no-untyped-def]
src/backend/core/interfaces.py:210: error: Function is missing a return type annotation  [no-untyped-def]
src/backend/core/interfaces.py:345: error: Function is missing a return type annotation  [no-untyped-def]
src/backend/core/interfaces.py:345: note: Use "-> None" if function does not return a value
src/backend/core/interfaces.py:351: error: Function is missing a return type annotation  [no-untyped-def]
src/backend/core/interfaces.py:364: error: Returning Any from function declared to return "float"  [no-any-return]
src/backend/core/interfaces.py:370: error: Function is missing a return type annotation  [no-untyped-def]
src/backend/core/interfaces.py:370: note: Use "-> None" if function does not return a value
src/backend/core/interfaces.py:371: note: By default the bodies of untyped functions are not checked, consider using --check-untyped-defs  [annotation-unchecked]
src/backend/core/interfaces.py:372: note: By default the bodies of untyped functions are not checked, consider using --check-untyped-defs  [annotation-unchecked]
src/backend/core/interfaces.py:373: note: By default the bodies of untyped functions are not checked, consider using --check-untyped-defs  [annotation-unchecked]
src/backend/core/interfaces.py:374: note: By default the bodies of untyped functions are not checked, consider using --check-untyped-defs  [annotation-unchecked]
src/backend/core/interfaces.py:376: error: Function is missing a return type annotation  [no-untyped-def]
src/backend/core/hybrid_llm_client.py:80: error: Function is missing a return type annotation  [no-untyped-def]
src/backend/core/hybrid_llm_client.py:80: note: Use "-> None" if function does not return a value
src/backend/core/hybrid_llm_client.py:83: note: By default the bodies of untyped functions are not checked, consider using --check-untyped-defs  [annotation-unchecked]
src/backend/core/hybrid_llm_client.py:84: note: By default the bodies of untyped functions are not checked, consider using --check-untyped-defs  [annotation-unchecked]
src/backend/core/hybrid_llm_client.py:89: note: By default the bodies of untyped functions are not checked, consider using --check-untyped-defs  [annotation-unchecked]
src/backend/core/hybrid_llm_client.py:95: note: By default the bodies of untyped functions are not checked, consider using --check-untyped-defs  [annotation-unchecked]
src/backend/core/hybrid_llm_client.py:101: note: By default the bodies of untyped functions are not checked, consider using --check-untyped-defs  [annotation-unchecked]
src/backend/core/hybrid_llm_client.py:354: error: Function is missing a type annotation for one or more arguments  [no-untyped-def]
src/backend/core/hybrid_llm_client.py:621: error: Returning Any from function declared to return "list[float]"  [no-any-return]
src/backend/core/hybrid_llm_client.py:773: error: Function is missing a return type annotation  [no-untyped-def]
src/backend/core/hybrid_llm_client.py:776: error: Function is missing a type annotation  [no-untyped-def]
src/backend/core/cache_manager.py:61: error: Function is missing a type annotation for one or more arguments  [no-untyped-def]
src/backend/core/cache_manager.py:70: error: Function is missing a type annotation for one or more arguments  [no-untyped-def]
src/backend/core/cache_manager.py:96: error: Function is missing a type annotation for one or more arguments  [no-untyped-def]
src/backend/core/cache_manager.py:138: error: Function is missing a return type annotation  [no-untyped-def]
src/backend/core/cache_manager.py:138: note: Use "-> None" if function does not return a value
src/backend/core/cache_manager.py:177: error: Function is missing a return type annotation  [no-untyped-def]
src/backend/core/cache_manager.py:177: note: Use "-> None" if function does not return a value
src/backend/core/cache_manager.py:251: error: Returning Any from function declared to return "bool"  [no-any-return]
src/backend/core/cache_manager.py:262: error: Returning Any from function declared to return "bool"  [no-any-return]
src/backend/core/cache_manager.py:273: error: Returning Any from function declared to return "bool"  [no-any-return]
src/backend/core/cache_manager.py:284: error: Returning Any from function declared to return "int"  [no-any-return]
src/backend/core/cache_manager.py:299: error: Returning Any from function declared to return "int"  [no-any-return]
src/backend/core/cache_manager.py:345: error: Function is missing a return type annotation  [no-untyped-def]
src/backend/core/cache_manager.py:356: error: Function is missing a type annotation  [no-untyped-def]
src/backend/core/cache_manager.py:358: error: Function is missing a type annotation  [no-untyped-def]
src/backend/core/cache_manager.py:387: error: Function is missing a return type annotation  [no-untyped-def]
src/backend/core/cache_manager.py:397: error: Function is missing a type annotation  [no-untyped-def]
src/backend/core/cache_manager.py:398: error: Function is missing a type annotation  [no-untyped-def]
src/backend/core/cache_manager.py:422: error: Function is missing a type annotation  [no-untyped-def]
src/backend/agents/orchestration_components.py:52: error: Function is missing a return type annotation  [no-untyped-def]
src/backend/agents/orchestration_components.py:52: note: Use "-> None" if function does not return a value
src/backend/agents/orchestration_components.py:60: error: Function is missing a return type annotation  [no-untyped-def]
src/backend/agents/ocr_agent.py:24: error: Function is missing a type annotation for one or more arguments  [no-untyped-def]
src/backend/agents/interfaces.py:150: error: Function is missing a return type annotation  [no-untyped-def]
src/backend/agents/interfaces.py:210: error: Function is missing a return type annotation  [no-untyped-def]
src/backend/agents/interfaces.py:348: error: Function is missing a return type annotation  [no-untyped-def]
src/backend/agents/interfaces.py:348: note: Use "-> None" if function does not return a value
src/backend/agents/interfaces.py:349: note: By default the bodies of untyped functions are not checked, consider using --check-untyped-defs  [annotation-unchecked]
src/backend/agents/interfaces.py:350: note: By default the bodies of untyped functions are not checked, consider using --check-untyped-defs  [annotation-unchecked]
src/backend/agents/interfaces.py:351: note: By default the bodies of untyped functions are not checked, consider using --check-untyped-defs  [annotation-unchecked]
src/backend/agents/interfaces.py:352: note: By default the bodies of untyped functions are not checked, consider using --check-untyped-defs  [annotation-unchecked]
src/backend/agents/interfaces.py:353: note: By default the bodies of untyped functions are not checked, consider using --check-untyped-defs  [annotation-unchecked]
src/backend/agents/interfaces.py:354: note: By default the bodies of untyped functions are not checked, consider using --check-untyped-defs  [annotation-unchecked]
src/backend/agents/interfaces.py:356: error: Function is missing a return type annotation  [no-untyped-def]
src/backend/agents/interfaces.py:379: error: Function is missing a return type annotation  [no-untyped-def]
src/backend/agents/interfaces.py:379: note: Use "-> None" if function does not return a value
src/backend/agents/interfaces.py:380: note: By default the bodies of untyped functions are not checked, consider using --check-untyped-defs  [annotation-unchecked]
src/backend/agents/interfaces.py:381: note: By default the bodies of untyped functions are not checked, consider using --check-untyped-defs  [annotation-unchecked]
src/backend/agents/interfaces.py:382: note: By default the bodies of untyped functions are not checked, consider using --check-untyped-defs  [annotation-unchecked]
src/backend/agents/interfaces.py:383: note: By default the bodies of untyped functions are not checked, consider using --check-untyped-defs  [annotation-unchecked]
src/backend/agents/interfaces.py:385: error: Function is missing a return type annotation  [no-untyped-def]
src/backend/agents/base_agent.py:28: error: Function is missing a type annotation for one or more arguments  [no-untyped-def]
src/backend/agents/base_agent.py:66: error: Function is missing a type annotation for one or more arguments  [no-untyped-def]
src/backend/agents/base_agent.py:136: error: Function is missing a type annotation for one or more arguments  [no-untyped-def]
src/backend/agents/agent_factory.py:108: error: Function is missing a type annotation for one or more arguments  [no-untyped-def]
src/backend/agents/agent_factory.py:192: error: Returning Any from function declared to return "type[Any]"  [no-any-return]
src/backend/agents/response_generator.py:12: error: Function is missing a return type annotation  [no-untyped-def]
src/backend/agents/response_generator.py:12: note: Use "-> None" if function does not return a value
src/backend/agents/analytics_agent.py:9: error: Function is missing a type annotation for one or more arguments  [no-untyped-def]
src/backend/agents/agent_router.py:20: error: Function is missing a return type annotation  [no-untyped-def]
src/backend/agents/agent_router.py:20: note: Use "-> None" if function does not return a value
src/backend/agents/agent_router.py:21: note: By default the bodies of untyped functions are not checked, consider using --check-untyped-defs  [annotation-unchecked]
src/backend/agents/agent_router.py:22: note: By default the bodies of untyped functions are not checked, consider using --check-untyped-defs  [annotation-unchecked]
src/backend/agents/agent_router.py:24: error: Function is missing a return type annotation  [no-untyped-def]
src/backend/agents/agent_router.py:38: error: Function is missing a return type annotation  [no-untyped-def]
src/backend/agents/agent_registry.py:7: error: Function is missing a return type annotation  [no-untyped-def]
src/backend/agents/agent_registry.py:7: note: Use "-> None" if function does not return a value
src/backend/agents/agent_registry.py:8: note: By default the bodies of untyped functions are not checked, consider using --check-untyped-defs  [annotation-unchecked]
src/backend/agents/agent_registry.py:9: note: By default the bodies of untyped functions are not checked, consider using --check-untyped-defs  [annotation-unchecked]
src/backend/agents/agent_registry.py:27: error: Function is missing a return type annotation  [no-untyped-def]
src/backend/agents/agent_registry.py:31: error: Function is missing a return type annotation  [no-untyped-def]
src/backend/agents/adapters/fallback_manager.py:65: error: Returning Any from function declared to return "str | None"  [no-any-return]
src/backend/agents/adapters/fallback_manager.py:115: error: Returning Any from function declared to return "str | None"  [no-any-return]
src/backend/agents/adapters/fallback_manager.py:137: error: Function is missing a return type annotation  [no-untyped-def]
src/backend/agents/adapters/fallback_manager.py:137: note: Use "-> None" if function does not return a value
src/backend/agents/adapters/fallback_manager.py:152: error: Returning Any from function declared to return "AgentResponse"  [no-any-return]
src/backend/agents/adapters/error_handler.py:22: error: Function is missing a type annotation for one or more arguments  [no-untyped-def]
src/backend/agents/router_service.py:35: error: Function is missing a return type annotation  [no-untyped-def]
src/backend/agents/router_service.py:42: error: Function is missing a return type annotation  [no-untyped-def]
src/backend/agents/router_service.py:49: error: Function is missing a return type annotation  [no-untyped-def]
src/backend/agents/weather_agent.py:83: error: Function is missing a type annotation for one or more arguments  [no-untyped-def]
src/backend/agents/weather_agent.py:288: error: Returning Any from function declared to return "str"  [no-any-return]
src/backend/app_factory.py:43: error: Function is missing a return type annotation  [no-untyped-def]
src/backend/app_factory.py:51: error: Function is missing a return type annotation  [no-untyped-def]
src/backend/app_factory.py:64: error: Function is missing a return type annotation  [no-untyped-def]
src/backend/app_factory.py:73: error: Function is missing a return type annotation  [no-untyped-def]
src/backend/app_factory.py:73: error: Function is missing a type annotation for one or more arguments  [no-untyped-def]
src/backend/app_factory.py:81: error: Function is missing a return type annotation  [no-untyped-def]
src/backend/tests/unit/test_memory_monitoring_middleware.py:19: error: Function is missing a type annotation  [no-untyped-def]
src/backend/tests/unit/test_memory_monitoring_middleware.py:27: error: Function is missing a type annotation  [no-untyped-def]
src/backend/tests/unit/test_memory_monitoring_middleware.py:29: error: Function is missing a return type annotation  [no-untyped-def]
src/backend/tests/unit/test_memory_monitoring_middleware.py:32: error: Function is missing a type annotation  [no-untyped-def]
src/backend/tests/unit/test_memory_monitoring_middleware.py:44: error: Function is missing a return type annotation  [no-untyped-def]
src/backend/tests/unit/test_memory_monitoring_middleware.py:49: error: Function is missing a return type annotation  [no-untyped-def]
src/backend/tests/unit/test_memory_monitoring_middleware.py:53: error: Function is missing a return type annotation  [no-untyped-def]
src/backend/tests/unit/test_memory_monitoring_middleware.py:63: error: Function is missing a type annotation  [no-untyped-def]
src/backend/tests/unit/test_memory_monitoring_middleware.py:71: error: Function is missing a return type annotation  [no-untyped-def]
src/backend/tests/unit/test_memory_monitoring_middleware.py:71: note: Use "-> None" if function does not return a value
src/backend/tests/unit/test_memory_monitoring_middleware.py:79: error: Function is missing a return type annotation  [no-untyped-def]
src/backend/tests/unit/test_memory_monitoring_middleware.py:84: error: Function is missing a return type annotation  [no-untyped-def]
src/backend/tests/unit/test_memory_monitoring_middleware.py:96: error: Function is missing a type annotation  [no-untyped-def]
src/backend/tests/unit/test_memory_monitoring_middleware.py:109: error: Function is missing a type annotation  [no-untyped-def]
src/backend/tests/unit/test_memory_monitoring_middleware.py:116: error: Function is missing a type annotation  [no-untyped-def]
src/backend/tests/unit/test_memory_monitoring_middleware.py:121: error: Function is missing a return type annotation  [no-untyped-def]
src/backend/tests/unit/test_memory_monitoring_middleware.py:121: note: Use "-> None" if function does not return a value
src/backend/tests/unit/test_memory_monitoring_middleware.py:130: error: Function is missing a type annotation  [no-untyped-def]
src/backend/tests/unit/test_memory_monitoring_middleware.py:138: error: Function is missing a type annotation  [no-untyped-def]
src/backend/tests/unit/test_memory_monitoring_middleware.py:146: error: Function is missing a type annotation  [no-untyped-def]
src/backend/tests/unit/test_memory_monitoring_middleware.py:158: error: Function is missing a return type annotation  [no-untyped-def]
src/backend/tests/unit/test_memory_monitoring_middleware.py:178: error: Function is missing a type annotation  [no-untyped-def]
src/backend/tests/unit/test_memory_monitoring_middleware.py:193: error: Function is missing a type annotation  [no-untyped-def]
src/backend/tests/unit/test_memory_monitoring_middleware.py:198: error: Function is missing a return type annotation  [no-untyped-def]
src/backend/core/middleware.py:28: error: Function is missing a type annotation for one or more arguments  [no-untyped-def]
src/backend/core/middleware.py:32: error: Returning Any from function declared to return "Response"  [no-any-return]
src/backend/core/middleware.py:89: error: Function is missing a type annotation for one or more arguments  [no-untyped-def]
src/backend/core/middleware.py:107: error: Returning Any from function declared to return "Response"  [no-any-return]
src/backend/core/middleware.py:109: error: Function is missing a return type annotation  [no-untyped-def]
src/backend/core/middleware.py:134: error: Function is missing a return type annotation  [no-untyped-def]
src/backend/core/middleware.py:155: error: Function is missing a type annotation for one or more arguments  [no-untyped-def]
src/backend/core/middleware.py:183: error: Returning Any from function declared to return "Response"  [no-any-return]
src/backend/core/middleware.py:187: error: Returning Any from function declared to return "Response"  [no-any-return]
src/backend/core/middleware.py:207: error: Returning Any from function declared to return "Response"  [no-any-return]
src/backend/core/middleware.py:224: error: Returning Any from function declared to return "Response"  [no-any-return]
src/backend/core/middleware.py:230: error: Function is missing a type annotation for one or more arguments  [no-untyped-def]
src/backend/core/middleware.py:275: error: Returning Any from function declared to return "Response"  [no-any-return]
src/backend/auth/routes.py:34: error: Function is missing a return type annotation  [no-untyped-def]
src/backend/auth/routes.py:45: error: Function is missing a return type annotation  [no-untyped-def]
src/backend/auth/routes.py:101: error: Function is missing a return type annotation  [no-untyped-def]
src/backend/auth/routes.py:167: error: Function is missing a return type annotation  [no-untyped-def]
src/backend/auth/routes.py:228: error: Function is missing a return type annotation  [no-untyped-def]
src/backend/auth/routes.py:265: error: Function is missing a return type annotation  [no-untyped-def]
src/backend/auth/routes.py:321: error: Function is missing a return type annotation  [no-untyped-def]
src/backend/auth/auth_middleware.py:22: error: Function is missing a type annotation for one or more arguments  [no-untyped-def]
src/backend/auth/auth_middleware.py:36: error: Function is missing a return type annotation  [no-untyped-def]
src/backend/auth/auth_middleware.py:36: error: Function is missing a type annotation for one or more arguments  [no-untyped-def]
src/backend/auth/auth_middleware.py:90: error: Returning Any from function declared to return "dict[Any, Any]"  [no-any-return]
src/backend/auth/auth_middleware.py:99: error: Returning Any from function declared to return "int"  [no-any-return]
src/backend/auth/auth_middleware.py:102: error: Function is missing a return type annotation  [no-untyped-def]
src/backend/auth/auth_middleware.py:105: error: Function is missing a type annotation  [no-untyped-def]
src/backend/auth/auth_middleware.py:106: error: Function is missing a return type annotation  [no-untyped-def]
src/backend/auth/auth_middleware.py:106: error: Function is missing a type annotation for one or more arguments  [no-untyped-def]
src/backend/auth/auth_middleware.py:122: error: Function is missing a return type annotation  [no-untyped-def]
src/backend/auth/auth_middleware.py:125: error: Function is missing a type annotation  [no-untyped-def]
src/backend/auth/auth_middleware.py:126: error: Function is missing a return type annotation  [no-untyped-def]
src/backend/auth/auth_middleware.py:126: error: Function is missing a type annotation for one or more arguments  [no-untyped-def]
src/backend/api/upload.py:45: error: Returning Any from function declared to return "dict[str, Any]"  [no-any-return]
src/backend/api/pantry.py:15: error: Function is missing a return type annotation  [no-untyped-def]
src/backend/api/monitoring.py:16: error: Function is missing a return type annotation  [no-untyped-def]
src/backend/api/monitoring.py:22: error: Function is missing a return type annotation  [no-untyped-def]
src/backend/api/monitoring.py:34: error: Function is missing a return type annotation  [no-untyped-def]
src/backend/api/monitoring.py:43: error: Function is missing a return type annotation  [no-untyped-def]
src/backend/api/monitoring.py:59: error: Function is missing a return type annotation  [no-untyped-def]
src/backend/api/monitoring.py:65: error: Function is missing a return type annotation  [no-untyped-def]
src/backend/api/monitoring.py:71: error: Function is missing a return type annotation  [no-untyped-def]
src/backend/api/monitoring.py:78: error: Function is missing a return type annotation  [no-untyped-def]
src/backend/api/monitoring.py:85: error: Function is missing a return type annotation  [no-untyped-def]
src/backend/api/monitoring.py:103: error: Function is missing a return type annotation  [no-untyped-def]
src/backend/api/food.py:21: error: Function is missing a return type annotation  [no-untyped-def]
src/backend/api/food.py:35: error: Function is missing a return type annotation  [no-untyped-def]
src/backend/api/food.py:50: error: Function is missing a return type annotation  [no-untyped-def]
src/backend/api/food.py:75: error: Function is missing a return type annotation  [no-untyped-def]
src/backend/api/food.py:98: error: Function is missing a return type annotation  [no-untyped-def]
src/backend/api/food.py:117: error: Function is missing a return type annotation  [no-untyped-def]
src/backend/api/chat.py:97: error: Function is missing a return type annotation  [no-untyped-def]
src/backend/api/chat.py:118: error: Function is missing a return type annotation  [no-untyped-def]
src/backend/api/chat.py:134: error: Function is missing a return type annotation  [no-untyped-def]
src/backend/api/chat.py:200: error: Function is missing a type annotation  [no-untyped-def]
src/backend/api/chat.py:284: error: Function is missing a return type annotation  [no-untyped-def]
src/backend/api/chat.py:298: error: Function is missing a return type annotation  [no-untyped-def]
src/backend/api/agents.py:59: error: Function is missing a return type annotation  [no-untyped-def]
src/backend/api/agents.py:145: error: Function is missing a return type annotation  [no-untyped-def]
src/backend/api/agents.py:151: error: Function is missing a return type annotation  [no-untyped-def]
src/backend/api/agents.py:167: error: Function is missing a return type annotation  [no-untyped-def]
src/backend/api/agents.py:190: error: Function is missing a return type annotation  [no-untyped-def]
src/backend/api/agents.py:230: error: Function is missing a return type annotation  [no-untyped-def]
src/backend/api/agents.py:263: error: Function is missing a return type annotation  [no-untyped-def]
src/backend/api/v2/endpoints/weather.py:18: error: Function is missing a return type annotation  [no-untyped-def]
src/backend/api/v2/endpoints/receipts.py:25: error: Function is missing a return type annotation  [no-untyped-def]
src/backend/api/v2/endpoints/receipts.py:114: error: Function is missing a return type annotation  [no-untyped-def]
src/backend/api/v2/endpoints/receipts.py:159: error: Function is missing a return type annotation  [no-untyped-def]
src/backend/api/v2/endpoints/rag.py:53: error: Function is missing a return type annotation  [no-untyped-def]
src/backend/api/v2/endpoints/rag.py:116: error: Function is missing a return type annotation  [no-untyped-def]
src/backend/api/v2/endpoints/rag.py:150: error: Function is missing a return type annotation  [no-untyped-def]
src/backend/api/v2/endpoints/rag.py:208: error: Function is missing a return type annotation  [no-untyped-def]
src/backend/api/v2/endpoints/rag.py:275: error: Function is missing a return type annotation  [no-untyped-def]
src/backend/api/v2/endpoints/rag.py:314: error: Function is missing a return type annotation  [no-untyped-def]
src/backend/api/v2/endpoints/rag.py:345: error: Function is missing a return type annotation  [no-untyped-def]
src/backend/api/v2/endpoints/rag.py:405: error: Function is missing a return type annotation  [no-untyped-def]
src/backend/api/v2/endpoints/rag.py:428: error: Function is missing a return type annotation  [no-untyped-def]
src/backend/api/v2/endpoints/rag.py:454: error: Function is missing a return type annotation  [no-untyped-def]
src/backend/api/v2/endpoints/rag.py:475: error: Function is missing a return type annotation  [no-untyped-def]
src/backend/api/v2/endpoints/rag.py:497: error: Function is missing a return type annotation  [no-untyped-def]
src/backend/api/v2/endpoints/rag.py:550: error: Function is missing a return type annotation  [no-untyped-def]
src/backend/api/v2/endpoints/rag.py:614: error: Function is missing a return type annotation  [no-untyped-def]
src/backend/api/v2/endpoints/rag.py:688: error: Function is missing a return type annotation  [no-untyped-def]
src/backend/api/v2/endpoints/rag.py:748: error: Function is missing a return type annotation  [no-untyped-def]
src/backend/api/v2/endpoints/rag.py:807: error: Function is missing a return type annotation  [no-untyped-def]
src/backend/api/v2/endpoints/rag.py:891: error: Function is missing a return type annotation  [no-untyped-def]
src/backend/api/v2/endpoints/backup.py:35: error: Function is missing a return type annotation  [no-untyped-def]
src/backend/api/v2/endpoints/backup.py:79: error: Function is missing a return type annotation  [no-untyped-def]
src/backend/api/v2/endpoints/backup.py:109: error: Function is missing a return type annotation  [no-untyped-def]
src/backend/api/v2/endpoints/backup.py:167: error: Function is missing a return type annotation  [no-untyped-def]
src/backend/api/v2/endpoints/backup.py:197: error: Function is missing a return type annotation  [no-untyped-def]
src/backend/api/v2/endpoints/backup.py:239: error: Function is missing a return type annotation  [no-untyped-def]
src/backend/api/v2/endpoints/backup.py:268: error: Function is missing a return type annotation  [no-untyped-def]
src/backend/api/v1/endpoints/receipts.py:10: error: Function is missing a return type annotation  [no-untyped-def]
src/backend/agents/chef_agent.py:33: error: Function is missing a type annotation for one or more arguments  [no-untyped-def]
src/backend/agents/chef_agent.py:120: error: Function is missing a return type annotation  [no-untyped-def]
src/backend/agents/chef_agent.py:187: error: Function is missing a return type annotation  [no-untyped-def]
src/backend/ml_training/intent_trainer.py:18: error: Function is missing a type annotation  [no-untyped-def]
src/backend/ml_training/intent_trainer.py:22: error: Function is missing a type annotation  [no-untyped-def]
src/backend/ml_training/intent_trainer.py:27: error: Function is missing a type annotation  [no-untyped-def]
src/backend/ml_training/intent_trainer.py:32: error: Function is missing a type annotation for one or more arguments  [no-untyped-def]
src/backend/ml_training/intent_trainer.py:51: error: Function is missing a return type annotation  [no-untyped-def]
src/backend/ml_training/intent_trainer.py:60: error: Function is missing a return type annotation  [no-untyped-def]
src/backend/ml_training/intent_trainer.py:60: error: Function is missing a type annotation for one or more arguments  [no-untyped-def]
src/backend/ml_training/intent_trainer.py:86: error: "Trainer" has no attribute "train"  [attr-defined]
src/backend/ml_training/intent_trainer.py:89: error: "Trainer" has no attribute "evaluate"  [attr-defined]
src/backend/core/mmlw_embedding_client.py:36: error: Function is missing a return type annotation  [no-untyped-def]
src/backend/core/mmlw_embedding_client.py:55: error: Function is missing a return type annotation  [no-untyped-def]
src/backend/core/mmlw_embedding_client.py:90: error: Function is missing a return type annotation  [no-untyped-def]
src/backend/agents/orchestrator.py:57: error: Function is missing a return type annotation  [no-untyped-def]
src/backend/agents/orchestrator.py:57: note: Use "-> None" if function does not return a value
src/backend/agents/orchestrator.py:86: error: Function is missing a type annotation  [no-untyped-def]
src/backend/agents/orchestrator.py:229: error: Function is missing a type annotation for one or more arguments  [no-untyped-def]
src/backend/agents/ml_intent_detector.py:44: error: Function is missing a return type annotation  [no-untyped-def]
src/backend/agents/ml_intent_detector.py:44: note: Use "-> None" if function does not return a value
src/backend/core/rag_document_processor.py:199: error: Returning Any from function declared to return "list[float]"  [no-any-return]
src/backend/core/rag_document_processor.py:210: error: Returning Any from function declared to return "list[float]"  [no-any-return]
src/backend/core/rag_document_processor.py:222: error: Returning Any from function declared to return "list[float]"  [no-any-return]
src/backend/core/rag_document_processor.py:232: error: Returning Any from function declared to return "list[float]"  [no-any-return]
src/backend/core/rag_document_processor.py:686: error: Function is missing a type annotation  [no-untyped-def]
src/backend/core/rag_document_processor.py:845: error: Function is missing a return type annotation  [no-untyped-def]
src/backend/core/rag_document_processor.py:854: error: Function is missing a return type annotation  [no-untyped-def]
src/backend/core/rag_document_processor.py:858: error: Function is missing a type annotation  [no-untyped-def]
src/backend/agents/rag_agent.py:37: error: Function is missing a type annotation for one or more arguments  [no-untyped-def]
src/backend/agents/rag_agent.py:51: error: Function is missing a return type annotation  [no-untyped-def]
src/backend/agents/rag_agent.py:51: note: Use "-> None" if function does not return a value
src/backend/agents/rag_agent.py:150: error: Returning Any from function declared to return "list[float]"  [no-any-return]
src/backend/agents/general_conversation_agent.py:255: error: Returning Any from function declared to return "str"  [no-any-return]
src/backend/agents/enhanced_rag_agent.py:37: error: Function is missing a type annotation for one or more arguments  [no-untyped-def]
src/backend/agents/enhanced_rag_agent.py:162: error: Returning Any from function declared to return "list[float]"  [no-any-return]
src/backend/agents/enhanced_rag_agent.py:166: error: Returning Any from function declared to return "list[float]"  [no-any-return]
Found 656 errors in 112 files (checked 158 source files)
